2025-08-28 14:17:51,147 INFO:root:Caching system initialized successfully
2025-08-28 14:17:51,435 INFO:numexpr.utils:NumExpr defaulting to 4 threads.
2025-08-28 14:17:51,971 DEBUG:matplotlib:matplotlib data path: /usr/share/matplotlib/mpl-data
2025-08-28 14:17:51,975 DEBUG:matplotlib:CONFIGDIR=/home/tim/.config/matplotlib
2025-08-28 14:17:51,984 DEBUG:matplotlib:interactive is False
2025-08-28 14:17:51,985 DEBUG:matplotlib:platform is linux
2025-08-28 14:17:52,085 DEBUG:matplotlib:CACHEDIR=/home/tim/.cache/matplotlib
2025-08-28 14:17:52,095 DEBUG:matplotlib.font_manager:Using fontManager instance from /home/tim/.cache/matplotlib/fontlist-v330.json
2025-08-28 14:17:52,461 DEBUG:root:Application starting, initializing Flask app
2025-08-28 14:17:52,466 DEBUG:root:Starting point_decay_thread
2025-08-28 14:17:52,477 DEBUG:root:Created new database connection (total: 1)
2025-08-28 14:17:52,478 DEBUG:root:Created new database connection (total: 2)
2025-08-28 14:17:52,478 DEBUG:root:Created new database connection (total: 3)
2025-08-28 14:17:52,479 DEBUG:root:Created new database connection (total: 4)
2025-08-28 14:17:52,466 DEBUG:root:Point_decay_thread started
2025-08-28 14:17:52,494 DEBUG:root:Created new database connection (total: 5)
2025-08-28 14:17:52,495 DEBUG:root:Created new database connection (total: 6)
2025-08-28 14:17:52,496 DEBUG:root:Created new database connection (total: 7)
2025-08-28 14:17:52,497 DEBUG:root:Created new database connection (total: 8)
2025-08-28 14:17:52,498 DEBUG:root:Created new database connection (total: 9)
2025-08-28 14:17:52,498 DEBUG:root:Created new database connection (total: 10)
2025-08-28 14:17:52,498 INFO:root:Database connection pool initialized: size=10, overflow=5, file=/home/tim/incentDev/incentive.db
2025-08-28 14:17:52,499 DEBUG:root:Retrieved healthy connection from pool (hits: 1)
2025-08-28 14:17:52,499 DEBUG:root:Database connection acquired from pool with transaction
2025-08-28 14:17:52,499 DEBUG:root:Point decay already ran for 2025-08-28, skipping
2025-08-28 14:17:52,524 DEBUG:root:Running Flask app in debug mode
 * Serving Flask app 'app'
 * Debug mode: on
Address already in use
Port 7409 is in use by another program. Either identify and stop that program, or start the server with a different port.
2025-08-28 14:17:52,536 INFO:root:Closing all database connections in pool
2025-08-28 14:17:52,537 INFO:root:All database connections closed
